#
# There is insufficient memory for the Java Runtime Environment to continue.
# Native memory allocation (mmap) failed to map 266338304 bytes for G1 virtual space
# Possible reasons:
#   The system is out of physical RAM or swap space
#   The process is running with CompressedOops enabled, and the Java Heap may be blocking the growth of the native heap
# Possible solutions:
#   Reduce memory load on the system
#   Increase physical memory or swap space
#   Check if swap backing store is full
#   Decrease Java heap size (-Xmx/-Xms)
#   Decrease number of Java threads
#   Decrease Java thread stack sizes (-Xss)
#   Set larger code cache with -XX:ReservedCodeCacheSize=
#   JVM is running with Unscaled Compressed Oops mode in which the Java heap is
#     placed in the first 4GB address space. The Java Heap base address is the
#     maximum limit for the native heap growth. Please use -XX:HeapBaseMinAddress
#     to set the Java Heap base and to place the Java Heap above 4GB virtual address.
# This output file may be truncated or incomplete.
#
#  Out of Memory Error (os_windows.cpp:3825), pid=7816, tid=7740
#
# JRE version:  (17.0.10+1) (build )
# Java VM: OpenJDK 64-Bit Server VM (17.0.10+1-b1087.17, mixed mode, sharing, tiered, compressed oops, compressed class ptrs, g1 gc, windows-amd64)
# No core dump will be written. Minidumps are not enabled by default on client versions of Windows
#

---------------  S U M M A R Y ------------

Command Line: -Dorg.gradle.internal.worker.tmpdir=C:\Users\panuhin\Desktop\Задачи\Constructor University\Development in JVM Languages\Kotlin Onboarding Object-Oriented programming\codenamesServer\task\build\tmp\test\work -Dorg.gradle.native=false -Xmx512m -Dfile.encoding=windows-1251 -Duser.country=RU -Duser.language=ru -Duser.variant -ea worker.org.gradle.process.internal.worker.GradleWorkerMain 'Gradle Test Executor 4'

Host: Intel(R) Core(TM) i7-7500U CPU @ 2.70GHz, 4 cores, 15G,  Windows 10 , 64 bit Build 19041 (10.0.19041.3636)
Time: Sun Feb 25 14:52:02 2024  Windows 10 , 64 bit Build 19041 (10.0.19041.3636) elapsed time: 0.039660 seconds (0d 0h 0m 0s)

---------------  T H R E A D  ---------------

Current thread (0x00000285c0d19af0):  JavaThread "Unknown thread" [_thread_in_vm, id=7740, stack(0x000000fb27300000,0x000000fb27400000)]

Stack: [0x000000fb27300000,0x000000fb27400000]
Native frames: (J=compiled Java code, j=interpreted, Vv=VM code, C=native code)
V  [jvm.dll+0x688ac9]
V  [jvm.dll+0x84220a]
V  [jvm.dll+0x843e4e]
V  [jvm.dll+0x8444b3]
V  [jvm.dll+0x24ba8f]
V  [jvm.dll+0x685899]
V  [jvm.dll+0x67a14a]
V  [jvm.dll+0x30c7eb]
V  [jvm.dll+0x313c96]
V  [jvm.dll+0x363a2e]
V  [jvm.dll+0x363c5f]
V  [jvm.dll+0x2e25b8]
V  [jvm.dll+0x2e3524]
V  [jvm.dll+0x812d71]
V  [jvm.dll+0x3718e1]
V  [jvm.dll+0x7f18d6]
V  [jvm.dll+0x3f553f]
V  [jvm.dll+0x3f7171]
C  [jli.dll+0x528f]
C  [ucrtbase.dll+0x21bb2]
C  [KERNEL32.DLL+0x17344]
C  [ntdll.dll+0x526b1]


---------------  P R O C E S S  ---------------

Threads class SMR info:
_java_thread_list=0x00007ffac8a8ef58, length=0, elements={
}

Java Threads: ( => current thread )

Other Threads:
  0x00000285c0d4cb40 GCTaskThread "GC Thread#0" [stack: 0x000000fb27400000,0x000000fb27500000] [id=10552]
  0x00000285c0d519a0 ConcurrentGCThread "G1 Main Marker" [stack: 0x000000fb27500000,0x000000fb27600000] [id=2200]
  0x00000285c0d522d0 ConcurrentGCThread "G1 Conc#0" [stack: 0x000000fb27600000,0x000000fb27700000] [id=12588]

[error occurred during error reporting (printing all threads), id 0xc0000005, EXCEPTION_ACCESS_VIOLATION (0xc0000005) at pc=0x00007ffac8243187]

VM state: not at safepoint (not fully initialized)

VM Mutex/Monitor currently owned by a thread:  ([mutex/lock_event])
[0x00000285c0d12ea0] Heap_lock - owner thread: 0x00000285c0d19af0

Heap address: 0x00000000e0000000, size: 512 MB, Compressed Oops mode: 32-bit

CDS archive(s) mapped at: [0x0000000000000000-0x0000000000000000-0x0000000000000000), size 0, SharedBaseAddress: 0x0000000800000000, ArchiveRelocationMode: 1.
Narrow klass base: 0x0000000000000000, Narrow klass shift: 0, Narrow klass range: 0x0

GC Precious Log:
<Empty>

Heap:
 garbage-first heap   total 0K, used 0K [0x00000000e0000000, 0x0000000100000000)
  region size 1024K, 0 young (0K), 0 survivors (0K)
 Metaspace       used 0K, committed 0K, reserved 0K
  class space    used 0K, committed 0K, reserved 0K

Heap Regions: E=young(eden), S=young(survivor), O=old, HS=humongous(starts), HC=humongous(continues), CS=collection set, F=free, OA=open archive, CA=closed archive, TAMS=top-at-mark-start (previous, next)

Card table byte_map: [0x00000285d5380000,0x00000285d5480000] _byte_map_base: 0x00000285d4c80000

Marking Bits (Prev, Next): (CMBitMap*) 0x00000285c0d4d070, (CMBitMap*) 0x00000285c0d4d0b0
 Prev Bits: [0x00000285d5580000, 0x00000285d5d80000)
 Next Bits: [0x00000285d5d80000, 0x00000285d6580000)

GC Heap History (0 events):
No events

Dll operation events (1 events):
Event: 0.014 Loaded shared library C:\Users\panuhin\AppData\Local\Programs\IntelliJ IDEA Ultimate\jbr\bin\java.dll

Deoptimization events (0 events):
No events

Classes unloaded (0 events):
No events

Classes redefined (0 events):
No events

Internal exceptions (0 events):
No events

VM Operations (0 events):
No events

Events (0 events):
No events


Dynamic libraries:
0x00007ff7d59a0000 - 0x00007ff7d59aa000 	C:\Users\panuhin\AppData\Local\Programs\IntelliJ IDEA Ultimate\jbr\bin\java.exe
0x00007ffb26170000 - 0x00007ffb26368000 	C:\WINDOWS\SYSTEM32\ntdll.dll
0x00007ffb25bb0000 - 0x00007ffb25c6d000 	C:\WINDOWS\System32\KERNEL32.DLL
0x00007ffb23be0000 - 0x00007ffb23ed6000 	C:\WINDOWS\System32\KERNELBASE.dll
0x00007ffb23ab0000 - 0x00007ffb23bb0000 	C:\WINDOWS\System32\ucrtbase.dll
0x00007ffafbd00000 - 0x00007ffafbd17000 	C:\Users\panuhin\AppData\Local\Programs\IntelliJ IDEA Ultimate\jbr\bin\jli.dll
0x00007ffb259b0000 - 0x00007ffb25b4e000 	C:\WINDOWS\System32\USER32.dll
0x00007ffb1cc10000 - 0x00007ffb1cc2b000 	C:\Users\panuhin\AppData\Local\Programs\IntelliJ IDEA Ultimate\jbr\bin\VCRUNTIME140.dll
0x00007ffb23f70000 - 0x00007ffb23f92000 	C:\WINDOWS\System32\win32u.dll
0x00007ffb25ed0000 - 0x00007ffb25efb000 	C:\WINDOWS\System32\GDI32.dll
0x00007ffb23830000 - 0x00007ffb23947000 	C:\WINDOWS\System32\gdi32full.dll
0x00007ffb0efa0000 - 0x00007ffb0f23a000 	C:\WINDOWS\WinSxS\amd64_microsoft.windows.common-controls_6595b64144ccf1df_6.0.19041.3636_none_60b6a03d71f818d5\COMCTL32.dll
0x00007ffb24060000 - 0x00007ffb240fd000 	C:\WINDOWS\System32\msvcp_win.dll
0x00007ffb248e0000 - 0x00007ffb2497e000 	C:\WINDOWS\System32\msvcrt.dll
0x00007ffb247d0000 - 0x00007ffb24802000 	C:\WINDOWS\System32\IMM32.DLL
0x00007ffb1e5d0000 - 0x00007ffb1e5dc000 	C:\Users\panuhin\AppData\Local\Programs\IntelliJ IDEA Ultimate\jbr\bin\vcruntime140_1.dll
0x00007ffae3f30000 - 0x00007ffae3fbd000 	C:\Users\panuhin\AppData\Local\Programs\IntelliJ IDEA Ultimate\jbr\bin\msvcp140.dll
0x00007ffac7f50000 - 0x00007ffac8bd3000 	C:\Users\panuhin\AppData\Local\Programs\IntelliJ IDEA Ultimate\jbr\bin\server\jvm.dll
0x00007ffb256e0000 - 0x00007ffb25793000 	C:\WINDOWS\System32\ADVAPI32.dll
0x00007ffb24730000 - 0x00007ffb247cf000 	C:\WINDOWS\System32\sechost.dll
0x00007ffb24980000 - 0x00007ffb24aa6000 	C:\WINDOWS\System32\RPCRT4.dll
0x00007ffb23bb0000 - 0x00007ffb23bd7000 	C:\WINDOWS\System32\bcrypt.dll
0x00007ffb22d90000 - 0x00007ffb22ddb000 	C:\WINDOWS\SYSTEM32\POWRPROF.dll
0x00007ffb12120000 - 0x00007ffb12147000 	C:\WINDOWS\SYSTEM32\WINMM.dll
0x00007ffb151a0000 - 0x00007ffb151aa000 	C:\WINDOWS\SYSTEM32\VERSION.dll
0x00007ffb0a460000 - 0x00007ffb0a469000 	C:\WINDOWS\SYSTEM32\WSOCK32.dll
0x00007ffb24f20000 - 0x00007ffb24f8b000 	C:\WINDOWS\System32\WS2_32.dll
0x00007ffb22c00000 - 0x00007ffb22c12000 	C:\WINDOWS\SYSTEM32\UMPDC.dll
0x00007ffb22030000 - 0x00007ffb22042000 	C:\WINDOWS\SYSTEM32\kernel.appcore.dll
0x00007ffb0dff0000 - 0x00007ffb0dffa000 	C:\Users\panuhin\AppData\Local\Programs\IntelliJ IDEA Ultimate\jbr\bin\jimage.dll
0x00007ffb20760000 - 0x00007ffb20944000 	C:\WINDOWS\SYSTEM32\DBGHELP.DLL
0x00007ffafb0e0000 - 0x00007ffafb114000 	C:\WINDOWS\SYSTEM32\dbgcore.DLL
0x00007ffb23ee0000 - 0x00007ffb23f62000 	C:\WINDOWS\System32\bcryptPrimitives.dll
0x00007ffb0d5c0000 - 0x00007ffb0d5e5000 	C:\Users\panuhin\AppData\Local\Programs\IntelliJ IDEA Ultimate\jbr\bin\java.dll

dbghelp: loaded successfully - version: 4.0.5 - missing functions: none
symbol engine: initialized successfully - sym options: 0x614 - pdb path: .;C:\Users\panuhin\AppData\Local\Programs\IntelliJ IDEA Ultimate\jbr\bin;C:\WINDOWS\SYSTEM32;C:\WINDOWS\WinSxS\amd64_microsoft.windows.common-controls_6595b64144ccf1df_6.0.19041.3636_none_60b6a03d71f818d5;C:\Users\panuhin\AppData\Local\Programs\IntelliJ IDEA Ultimate\jbr\bin\server

VM Arguments:
jvm_args: -Dorg.gradle.internal.worker.tmpdir=C:\Users\panuhin\Desktop\Задачи\Constructor University\Development in JVM Languages\Kotlin Onboarding Object-Oriented programming\codenamesServer\task\build\tmp\test\work -Dorg.gradle.native=false -Xmx512m -Dfile.encoding=windows-1251 -Duser.country=RU -Duser.language=ru -Duser.variant -ea 
java_command: worker.org.gradle.process.internal.worker.GradleWorkerMain 'Gradle Test Executor 4'
java_class_path (initial): C:\Users\panuhin\.gradle\caches\7.5.1\workerMain\gradle-worker.jar;C:\Users\panuhin\Desktop\Задачи\Constructor University\Development in JVM Languages\Kotlin Onboarding Object-Oriented programming\codenamesServer\task\build\classes\kotlin\test;C:\Users\panuhin\Desktop\Задачи\Constructor University\Development in JVM Languages\Kotlin Onboarding Object-Oriented programming\codenamesServer\task\build\classes\kotlin\main;C:\Users\panuhin\Desktop\Задачи\Constructor University\Development in JVM Languages\Kotlin Onboarding Object-Oriented programming\codenamesServer\task\build\resources\main;C:\Users\panuhin\Desktop\Задачи\Constructor University\Development in JVM Languages\Kotlin Onboarding Object-Oriented programming\utils\build\libs\utils-0.0.1-SNAPSHOT.jar;C:\Users\panuhin\.gradle\caches\modules-2\files-2.1\org.jetbrains.academy.test.system\kotlin-test-system\1.0.9\70a4762329deede50bf10d5eabff105a199a17f0\kotlin-test-system-1.0.9.jar;C:\Users\panuhin\Desktop\Задачи\Constructor University\Development in JVM Languages\Kotlin Onboarding Object-Oriented programming\common\build\libs\common-jvm-0.0.1-SNAPSHOT.jar;C:\Users\panuhin\.gradle\caches\modules-2\files-2.1\org.jetbrains.kotlin\kotlin-stdlib-jdk8\1.7.10\d70d7d2c56371f7aa18f32e984e3e2e998fe9081\kotlin-stdlib-jdk8-1.7.10.jar;C:\Users\panuhin\.gradle\caches\modules-2\files-2.1\org.junit.jupiter\junit-jupiter-engine\5.9.0\cc1cb5efae97493dcffb687253a0964ad2e7b99\junit-jupiter-engine-5.9.0.jar;C:\Users\panuhin\.gradle\caches\modules-2\files-2.1\org.junit.platform\junit-platform-console\1.9.0\c7351da70f90cfb77143bf43caa34432905602dd\junit-platform-console-1.9.0.jar;C:\Users\panuhin\.gradle\caches\modules-2\files-2.1\org.junit.platform\junit-platform-reporting\1.8.2\287f6cb9b82129223c000e2aa4c784f649b1c9a1\junit-platform-reporting-1.8.2.jar;C:\Users\panuhin\.gradle\caches\modules-2\files-2.1\org.junit.platform\junit-platform-launcher\1.8.2\c334fcee82b81311ab5c426ec2d52d467c8d0b28\junit-platform-
Launcher Type: SUN_STANDARD

[Global flags]
     intx CICompilerCount                          = 3                                         {product} {ergonomic}
     uint ConcGCThreads                            = 1                                         {product} {ergonomic}
     uint G1ConcRefinementThreads                  = 4                                         {product} {ergonomic}
   size_t G1HeapRegionSize                         = 1048576                                   {product} {ergonomic}
    uintx GCDrainStackTargetSize                   = 64                                        {product} {ergonomic}
   size_t InitialHeapSize                          = 266338304                                 {product} {ergonomic}
   size_t MarkStackSize                            = 4194304                                   {product} {ergonomic}
   size_t MaxHeapSize                              = 536870912                                 {product} {command line}
   size_t MinHeapDeltaBytes                        = 1048576                                   {product} {ergonomic}
   size_t MinHeapSize                              = 8388608                                   {product} {ergonomic}
    uintx NonNMethodCodeHeapSize                   = 5832780                                {pd product} {ergonomic}
    uintx NonProfiledCodeHeapSize                  = 122912730                              {pd product} {ergonomic}
    uintx ProfiledCodeHeapSize                     = 122912730                              {pd product} {ergonomic}
    uintx ReservedCodeCacheSize                    = 251658240                              {pd product} {ergonomic}
     bool SegmentedCodeCache                       = true                                      {product} {ergonomic}
   size_t SoftMaxHeapSize                          = 536870912                              {manageable} {ergonomic}
     bool UseCompressedClassPointers               = true                           {product lp64_product} {ergonomic}
     bool UseCompressedOops                        = true                           {product lp64_product} {ergonomic}
     bool UseG1GC                                  = true                                      {product} {ergonomic}
     bool UseLargePagesIndividualAllocation        = false                                  {pd product} {ergonomic}

Logging:
Log output configuration:
 #0: stdout all=warning uptime,level,tags
 #1: stderr all=off uptime,level,tags

Environment Variables:
PATH=C:\Program Files\ImageMagick-7.1.0-Q16-HDRI;C:\Python310\Scripts\;C:\Python310\;C:\Program Files (x86)\Common Files\Intel\Shared Libraries\redist\intel64\compiler;C:\WINDOWS\system32;C:\WINDOWS;C:\WINDOWS\System32\Wbem;C:\WINDOWS\System32\WindowsPowerShell\v1.0\;C:\WINDOWS\System32\OpenSSH\;C:\Program Files\NVIDIA Corporation\NVIDIA NvDLISR;C:\Program Files\PuTTY\;C:\Program Files (x86)\Gpg4win\..\GnuPG\bin;C:\ProgramData\chocolatey\bin;C:\Program Files\ffmpeg\bin;C:\Program Files;C:\OpenServer\modules\php\PHP_7.1;C:\Program Files\MinGW\bin;C:\Program Files\gs\gs9.56.0\bin;C:\Users\panuhin\AppData\Local\Programs\Python\pypy3.8-v7.3.9-win64;C:\Program Files\qpdf 11.1.1\bin;C:\Program Files\Tesseract-OCR;C:\Program Files\CMake\bin;C:\Program Files\platform-tools;C:\Program Files (x86)\Google\Cloud SDK\google-cloud-sdk\bin;C:\Program Files (x86)\NoteBook FanControl\;C:\Program Files\apache-maven-3.9.2\bin;C:\Program Files\ghc-9.8.1-x86_64-unknown-mingw32\bin;C:\Users\panuhin\AppData\Roaming\nvm;C:\Program Files\nodejs;C:\Program Files\GitHub CLI\;C:\Program Files\Git\cmd;C:\Program Files\Cloudflare\Cloudflare WARP\;C:\Program Files\Docker\Docker\resources\bin;C:\Users\panuhin\AppData\Local\Programs\Python\Python311\Scripts\;C:\Users\panuhin\AppData\Local\Programs\Python\Python311\;C:\Users\panuhin\AppData\Local\Programs\Python\Launcher\;C:\Users\panuhin\AppData\Roaming\nvm;C:\Program Files\nodejs
USERNAME=panuhin
OS=Windows_NT
PROCESSOR_IDENTIFIER=Intel64 Family 6 Model 142 Stepping 9, GenuineIntel
TMP=C:\Users\panuhin\AppData\Local\Temp
TEMP=C:\Users\panuhin\AppData\Local\Temp



Periodic native trim disabled

JNI global refs:
JNI global refs: 0, weak refs: 0

JNI global refs memory usage: 0, weak refs: 0

OOME stack traces (most recent first):
Classloader memory used:


---------------  S Y S T E M  ---------------

OS:
 Windows 10 , 64 bit Build 19041 (10.0.19041.3636)
OS uptime: 0 days 1:23 hours
Hyper-V role detected

CPU: total 4 (initial active 4) (2 cores per cpu, 2 threads per core) family 6 model 142 stepping 9 microcode 0xf4, cx8, cmov, fxsr, ht, mmx, 3dnowpref, sse, sse2, sse3, ssse3, sse4.1, sse4.2, popcnt, lzcnt, tsc, tscinvbit, avx, avx2, aes, erms, clmul, bmi1, bmi2, adx, fma, vzeroupper, clflush, clflushopt, hv
Processor Information for all 4 processors :
  Max Mhz: 2904, Current Mhz: 2703, Mhz Limit: 2700

Memory: 4k page, system-wide physical 16207M (2464M free)
TotalPageFile size 16207M (AvailPageFile size 256M)
current process WorkingSet (physical memory assigned to process): 10M, peak: 10M
current process commit charge ("private bytes"): 51M, peak: 305M

vm_info: OpenJDK 64-Bit Server VM (17.0.10+1-b1087.17) for windows-amd64 JRE (17.0.10+1-b1087.17), built on 2024-01-19 by "builduser" with MS VC++ 16.10 / 16.11 (VS2019)

END.
